2023/03/05 14:47:02 {"callers":["D:/go_project/go-programming-book/blog-service/main.go: 29 main.init.0"],"level":"info","message":"eddycjy: ssss/blog","time":1677998822078440200}
2023/03/05 15:46:22 {"callers":["D:/go_project/go-programming-book/blog-service/main.go: 29 main.init.0"],"level":"info","message":"eddycjy: ssss/blog","time":1678002382480661100}
2023/03/06 22:59:20 {"callers":["D:/go_project/go-programming-book/blog-service/main.go: 29 main.init.0"],"level":"info","message":"eddycjy: ssss/blog","time":1678114760328986900}
2023/03/06 23:02:53 {"callers":["D:/go_project/go-programming-book/blog-service/main.go: 29 main.init.0"],"level":"info","message":"eddycjy: ssss/blog","time":1678114973574417400}
2023/03/06 23:07:55 {"callers":["D:/go_project/go-programming-book/blog-service/main.go: 29 main.init.0"],"level":"info","message":"eddycjy: ssss/blog","time":1678115275755947500}
2023/03/08 00:10:59 {"callers":["D:/go_project/go-programming-book/blog-service/main.go: 29 main.init.0"],"level":"error","message":"app.BindAndValid errs: State必须是[0 1]中的一个","time":1678205459464880400}
2023/03/08 00:12:07 {"callers":["D:/go_project/go-programming-book/blog-service/main.go: 29 main.init.0"],"level":"error","message":"app.BindAndValid errs: State必须是[0 1]中的一个","time":1678205527504430200}
2023/03/09 23:06:16 {"callers":["D:/go_project/go-programming-book/blog-service/main.go: 29 main.init.0"],"level":"error","message":"svc.CreateYag err: Error 1054: Unknown column 'is_del' in 'field list'","time":1678374376249493200}
2023/03/09 23:37:08 {"callers":["D:/go_project/go-programming-book/blog-service/main.go: 29 main.init.0"],"level":"error","message":"app.BindAndValid erros: Name长度必须至少为3个字符,State为必填字段","time":1678376228042315500}
2023/03/09 23:37:47 {"callers":["D:/go_project/go-programming-book/blog-service/main.go: 29 main.init.0"],"level":"error","message":"app.BindAndValid erros: Name长度必须至少为2个字符,State为必填字段","time":1678376267162493800}
2023/03/09 23:42:41 {"callers":["D:/go_project/go-programming-book/blog-service/main.go: 29 main.init.0"],"level":"error","message":"app.BindAndValid erros: Name长度必须至少为2个字符,State为必填字段","time":1678376561320392200}
2023/03/11 23:24:16 {"callers":["D:/go_project/go-programming-book/blog-service/main.go: 29 main.init.0"],"level":"error","message":"svc.UpdateTag err: sql: expected 6 arguments, got 5","time":1678548256690603000}
2023/03/11 23:25:31 {"callers":["D:/go_project/go-programming-book/blog-service/main.go: 29 main.init.0"],"level":"error","message":"svc.UpdateTag err: sql: expected 6 arguments, got 5","time":1678548331432645000}
2023/03/13 22:00:53 {"callers":["D:/go_project/go-programming-book/blog-service/main.go: 29 main.init.0"],"level":"error","message":"app.GenerateToken err: key is of invalid type","time":1678716053294381400}
2023/03/13 22:21:55 {"callers":["D:/go_project/go-programming-book/blog-service/main.go: 29 main.init.0"],"level":"error","message":"app.GenerateToken err: key is of invalid type","time":1678717315448293800}
2023/03/13 22:22:36 {"callers":["D:/go_project/go-programming-book/blog-service/main.go: 29 main.init.0"],"level":"error","message":"app.GenerateToken err: key is of invalid type","time":1678717356216275600}
2023/03/13 22:23:19 {"callers":["D:/go_project/go-programming-book/blog-service/main.go: 29 main.init.0"],"level":"error","message":"app.GenerateToken err: key is of invalid type","time":1678717399100055900}
2023/03/13 22:27:48 {"callers":["D:/go_project/go-programming-book/blog-service/main.go: 29 main.init.0"],"level":"error","message":"app.GenerateToken err: key is of invalid type","time":1678717668080715400}
2023/03/13 22:29:31 {"callers":["D:/go_project/go-programming-book/blog-service/main.go: 29 main.init.0"],"level":"error","message":"app.GenerateToken err: key is of invalid type","time":1678717771004569900}
2023/03/13 22:38:45 {"callers":["D:/go_project/go-programming-book/blog-service/main.go: 29 main.init.0"],"level":"error","message":"app.GenerateToken err: key is of invalid type","time":1678718325456307100}
2023/03/13 22:40:24 {"callers":["D:/go_project/go-programming-book/blog-service/main.go: 29 main.init.0"],"level":"error","message":"app.GenerateToken err: key is of invalid type","time":1678718424471265900}
2023/03/13 22:41:45 {"callers":["D:/go_project/go-programming-book/blog-service/main.go: 29 main.init.0"],"level":"error","message":"app.GenerateToken err: key is of invalid type","time":1678718505677652300}
2023/03/13 22:42:50 {"callers":["D:/go_project/go-programming-book/blog-service/main.go: 29 main.init.0"],"level":"error","message":"app.GenerateToken err: key is of invalid type","time":1678718570659996400}
2023/03/13 22:43:47 {"callers":["D:/go_project/go-programming-book/blog-service/main.go: 29 main.init.0"],"level":"error","message":"app.GenerateToken err: key is of invalid type","time":1678718627176261800}
2023/03/13 22:48:49 {"callers":["D:/go_project/go-programming-book/blog-service/main.go: 29 main.init.0"],"level":"error","message":"app.GenerateToken err: key is of invalid type","time":1678718929659743200}
2023/03/13 22:49:08 {"callers":["D:/go_project/go-programming-book/blog-service/main.go: 29 main.init.0"],"level":"error","message":"app.GenerateToken err: key is of invalid type","time":1678718948050067400}
2023/03/13 22:50:14 {"callers":["D:/go_project/go-programming-book/blog-service/main.go: 29 main.init.0"],"level":"error","message":"app.GenerateToken err: key is of invalid type","time":1678719014563326300}
2023/03/13 22:51:39 {"callers":["D:/go_project/go-programming-book/blog-service/main.go: 29 main.init.0"],"level":"error","message":"app.GenerateToken err: key is of invalid type","time":1678719099835068200}
2023/03/13 22:52:14 {"callers":["D:/go_project/go-programming-book/blog-service/main.go: 29 main.init.0"],"level":"error","message":"app.GenerateToken err: key is of invalid type","time":1678719134260273600}
2023/04/02 15:25:20 {"callers":["D:/go_project/go-programming-book/blog-service/main.go: 29 main.init.0"],"level":"info","message":"access log: method: GET, status_code: 400, begin_time: 1680420320, end_time: 1680420320","request":"","response":"","time":1680420320273665500}
2023/04/02 15:26:07 {"callers":["D:/go_project/go-programming-book/blog-service/main.go: 29 main.init.0"],"level":"info","message":"access log: method: GET, status_code: 400, begin_time: 1680420367, end_time: 1680420367","request":"","response":"","time":1680420367450363700}
2023/04/02 15:27:44 {"callers":["D:/go_project/go-programming-book/blog-service/main.go: 28 main.init.0"],"level":"info","message":"access log: method: GET, status_code: 400, begin_time: 1680420464, end_time: 1680420464","request":"","response":"","time":1680420464598992100}
